Grabbed file ../msd/data/G/V/J/TRGVJCD128F42623E3.h5

artist_familiarity:
0.0

artist_hotttnesss:
0.551573723123032

artist_id:
b'AR15IO41187FB4D3FF'

artist_mbid:
b'a9ee533f-8871-4f62-a6bb-91eb264abc90'

artist_playmeid:
8763

artist_7digitalid:
83353

artist_latitude:
40.71455

artist_longitude:
-74.00712

artist_location:
b'New York'

artist_name:
b'Fiona Apple'

release:
b'When The Pawn... (note: see product commentsfor full title)'

release_7digitalid:
282143

song_id:
b'SOSDIDR12A8C130E5D'

song_hotttnesss:
0.7011596573322969

title:
b'Fast As You Can'

track_7digitalid:
3139807

similar_artists:
array([b'AR4KS8C1187FB4CF3D', b'ARH5FJJ1187FB3F787',
       b'ARJ8ZVR1187FB4336E', b'ARKGMWY1187FB48338',
       b'AR5B4GK1187FB536D1', b'AR91NIO1187FB4D732',
       b'AR2C54R1187B993B4C', b'AR3DXTG1187FB38776',
       b'AR4UL0A1187FB36895', b'ARDW5AW1187FB55708',
       b'ARR5XTD1187FB3C6BE', b'ARCJKV91187FB46210',
       b'AR7R1IA1187B9B076C', b'ARMCIEC1187FB3E98A',
       b'AR8886N1187B9B330A', b'ARKKT0A1187B9AECC6',
       b'ARTO3L81187B9ACA8C', b'ARYSJXA12454A4CDDB',
       b'ARQ32IT1187FB589D3', b'ARLGTWP1187FB3E9DD',
       b'AR5LDM21187B9AC3DE', b'ARDE95G1187B9ACFF7',
       b'ARQJXEQ11F4C8413E7', b'ARNJ4771187FB58301',
       b'AR6H4I71187FB5344B', b'AR7KV2A1187FB466FC',
       b'ARHTXJH1187FB5B193', b'ARW24PI1187B9A6126',
       b'AREP9C81187B9A4029', b'ARSQW3I1187B9ACD14',
       b'ARDKYA51187FB59E7E', b'ARV3Z2I1187FB3E0BF',
       b'AREXOUS1269FCD4114', b'AR4XC211187B9B7F39',
       b'ARMKJQE1187B9ACD19', b'AR6NRQI1187FB37544',
       b'ARXWEBP1187B99BF48', b'ARVRXLI12767704A22',
       b'ARBM5JV1187B9ACD9B', b'ARJDGUA12966ACBF5B',
       b'ARUP4RZ1187B9A4DEF', b'AR9U4HF1187FB50346',
       b'ARNMZGT1187B9B4A09', b'ARMHQZE1187B99A822',
       b'AR7LHPM1187FB46F5E', b'AR0OPP01187FB3C863',
       b'ARPVU0K1187B98D3D3', b'AR1YDJM1187FB42A46',
       b'ARNT5521187B9A451A', b'ARU81FZ1187B9896DB',
       b'ARFSZGT1187B9B1E44', b'ARSFARZ1187FB3C60F',
       b'AR0JBXL1187FB52810', b'ARSEOGE1187B999ADD',
       b'AROOKC21187B9AE85C', b'AREMWXL129601F824F',
       b'ARMFL561187B9A55C9', b'ARJ5MUD1187FB54131',
       b'ARH4BC11187FB3BDA8', b'ARE0WH81187B9A7BA3',
       b'ARZVGWX1187B9B3E5B', b'ARAEVJZ12454A2D7D2',
       b'ARQRNCX1187FB5620D', b'ARQM3CJ1187B9B7AD1',
       b'AR9FKRD1187B9B73D4', b'ARRWAD71187FB3FE44',
       b'ARHGHFN12454A4D54C', b'ART7Q0O1187B9A79FA',
       b'ARD7I1Q1187B991550', b'ARMTVBN1187B997658',
       b'ARCPAUB11FF10D8539', b'ARTNM7F1187FB47D3B',
       b'AR78AQ01187B9B43D4', b'ARBD7941187B992083',
       b'ARMBLSF11F50C48CEA', b'AR9YH7P1187FB4CCE2',
       b'ARJLRXI12454A47E10', b'ARMRATX12454A3DEBB',
       b'ARN6QMG1187FB56C8D', b'ARFHPWD12131B4B5DC',
       b'ARUZIPI1187FB5454A', b'AR96V8H1187FB395B7',
       b'ARXPDRB1187B9AD0B1', b'ARUNCSN1187B9ADC88',
       b'ARUTBOM12454A4CE2A', b'AR6LOPL1187FB4DABE',
       b'ARLCQZN1187B9AF634', b'ARCJGLG11F50C4971F',
       b'ARGCY8N1187FB3829C', b'ARIJ8VM11C8A4227AD',
       b'ARLKLOK12454A3E6DF', b'ARECM2B1187FB58217',
       b'ARXAZEM12454A42E86', b'AR2UWUD1187B9B3B01',
       b'ARL93GT1187B9A1057', b'ARJVTD81187FB51621',
       b'AR6ENUY1187B994158', b'ARASJVT1187B98965D',
       b'ARVRAKT11EA50FB951', b'ARNC5SW11C8A42D845'], dtype='|S20')

artist_terms:
array([b'singer-songwriter', b'rock', b'alternative', b'new york',
       b'soundtrack', b'jazz', b'piano', b'pop', b'lyrics', b'female',
       b'sexy', b'vocal', b'soul', b'alternative rock'], dtype='|S256')

artist_terms_freq:
array([0.94876255, 1.        , 0.86913838, 0.67562994, 0.47250128,
       0.47250128, 0.30833594, 0.39208862, 0.11887914, 0.25364721,
       0.18354455, 0.1949307 , 0.22487988, 0.        ])

artist_terms_weight:
array([1.        , 0.96061071, 0.87594611, 0.87594132, 0.60093342,
       0.54247735, 0.48847566, 0.43611526, 0.42380398, 0.42212007,
       0.40788569, 0.40786962, 0.35999912, 0.13037671])

analysis_sample_rate:
22050

audio_md5:
b'c6276768e2e390364807cd0799177c13'

danceability:
0.0

duration:
278.25587

end_of_fade_in:
0.177

energy:
0.0

key:
11

key_confidence:
0.588

loudness:
-9.047

mode:
0

mode_confidence:
0.336

start_of_fade_out:
270.797

tempo:
137.924

time_signature:
5

time_signature_confidence:
0.0

track_id:
b'TRGVJCD128F42623E3'

segments_start:
array([0.0000000e+00, 1.7678000e-01, 4.9719000e-01, ..., 2.7614041e+02,
       2.7638163e+02, 2.7773469e+02])

segments_confidence:
array([0.   , 1.   , 0.987, ..., 0.95 , 1.   , 0.83 ])

segments_pitches:
array([[0.987, 0.507, 0.268, ..., 0.694, 1.   , 0.037],
       [0.72 , 1.   , 0.824, ..., 0.427, 0.35 , 0.455],
       [0.905, 0.673, 0.715, ..., 0.765, 1.   , 0.261],
       ...,
       [0.512, 0.138, 0.198, ..., 0.152, 0.172, 1.   ],
       [0.092, 0.087, 0.115, ..., 0.058, 1.   , 0.981],
       [0.077, 0.102, 0.153, ..., 0.083, 0.944, 1.   ]])

segments_timbre:
array([[ 4.40000e-02,  1.70305e+02,  7.72900e+00, ...,  1.68700e+00,
        -1.12530e+01, -7.48800e+00],
       [ 1.43080e+01,  4.25730e+01,  1.78130e+01, ...,  7.50910e+01,
        -1.16731e+02,  2.70710e+01],
       [ 1.15440e+01,  7.73350e+01, -1.80590e+01, ...,  2.69300e+00,
         8.62800e+00,  3.19460e+01],
       ...,
       [ 7.75600e+00,  2.44119e+02, -4.72000e+00, ..., -1.14390e+01,
        -4.03970e+01,  1.88350e+01],
       [ 1.18860e+01,  2.39828e+02, -5.65700e+01, ...,  1.40570e+01,
         3.67720e+01,  1.46540e+01],
       [ 4.20500e+00,  2.04470e+02,  2.02360e+01, ...,  1.10810e+01,
         3.54100e+00,  2.61570e+01]])

segments_loudness_max:
array([-59.851, -13.688, -44.239, ..., -45.888, -34.148, -50.821])

segments_loudness_max_time:
array([0.14758, 0.11689, 0.0212 , ..., 0.05655, 0.01984, 0.01875])

segments_loudness_start:
array([-60.   , -59.873, -58.365, ..., -58.308, -58.756, -59.971])

sections_start:
array([  0.     ,   5.95489,  67.12878,  80.3064 ,  95.46445, 119.13711,
       146.42815, 180.66681, 211.9701 , 252.41425, 272.18878])

sections_confidence:
array([1.   , 0.686, 0.454, 0.413, 0.075, 0.5  , 0.797, 0.666, 0.783,
       0.089, 1.   ])

beats_start:
array([  0.29491,   0.73259,   1.17096,   1.60891,   2.04446,   2.4798 ,
         2.91187,   3.35105,   3.78589,   4.22002,   4.65123,   5.08465,
         5.52032,   5.95489,   6.39066,   6.82534,   7.26114,   7.69367,
         8.12729,   8.56419,   8.9989 ,   9.43424,   9.8685 ,  10.30322,
        10.73795,  11.17427,  11.60892,  12.04383,  12.48009,  12.91307,
        13.34899,  13.786  ,  14.22121,  14.65533,  15.09046,  15.52443,
        15.96278,  16.39405,  16.82972,  17.26455,  17.6983 ,  18.13208,
        18.56588,  19.00051,  19.4327 ,  19.86599,  20.29977,  20.73355,
        21.16984,  21.60433,  22.03923,  22.47237,  22.90988,  23.34458,
        23.77819,  24.21607,  24.65175,  25.08647,  25.52133,  25.95619,
        26.39329,  26.82819,  27.26312,  27.69695,  28.13147,  28.56667,
        29.00144,  29.43581,  29.87126,  30.30554,  30.73982,  31.17467,
        31.61118,  32.04386,  32.48034,  32.91247,  33.34728,  33.78209,
        34.21457,  34.65358,  35.08772,  35.52353,  35.96154,  36.39548,
        36.83161,  37.26664,  37.69949,  38.13344,  38.57175,  38.99925,
        39.43876,  39.87177,  40.30569,  40.73417,  41.17472,  41.60884,
        42.04166,  42.47976,  42.91458,  43.34841,  43.78333,  44.21764,
        44.65087,  45.08724,  45.52238,  45.95692,  46.39193,  46.82695,
        47.26508,  47.70867,  48.24691,  48.78516,  49.21514,  49.65173,
        50.08705,  50.5211 ,  50.97014,  51.42426,  51.87839,  52.31582,
        52.75324,  53.18845,  53.62365,  54.05856,  54.49318,  54.92779,
        55.36303,  55.79827,  56.23527,  56.67228,  57.10979,  57.54779,
        57.98485,  58.42098,  58.8571 ,  59.29303,  59.72896,  60.1673 ,
        60.60565,  61.04447,  61.48378,  61.92309,  62.36259,  62.80209,
        63.24095,  63.6798 ,  64.1153 ,  64.54745,  64.97701,  65.40399,
        65.83098,  66.26253,  66.69408,  67.12878,  67.56661,  68.00379,
        68.44031,  68.87683,  69.37773,  69.87864,  70.3159 ,  70.7488 ,
        71.17735,  71.61134,  72.05077,  72.48476,  72.91331,  73.34948,
        73.78456,  74.21964,  74.65581,  75.09089,  75.5325 ,  75.96213,
        76.3983 ,  76.8312 ,  77.26411,  77.6981 ,  78.131  ,  78.56499,
        78.9968 ,  79.43406,  79.86914,  80.3064 ,  80.74148,  81.17873,
        81.61708,  82.06413,  82.51553,  82.96803,  83.41944,  83.85591,
        84.17919,  84.48768,  84.79616,  85.24866,  85.68809,  86.1395 ,
        86.58546,  87.03251,  87.48392,  87.92444,  88.36387,  88.80875,
        89.25254,  89.69741,  90.13793,  90.57628,  91.01898,  91.46059,
        91.90437,  92.34381,  92.78868,  93.23029,  93.6817 ,  94.12875,
        94.57362,  95.02503,  95.46445,  95.87447,  96.30627,  96.72935,
        97.1557 ,  97.58967,  98.02364,  98.46087,  98.90463,  99.34404,
        99.7889 , 100.22722, 100.6786 , 101.12454, 101.56722, 102.01642,
       102.46781, 102.90831, 103.35316, 103.79257, 104.23742, 104.67792,
       105.12386, 105.57525, 106.02228, 106.47257, 106.9098 , 107.36119,
       107.80604, 108.24436, 108.68921, 109.12862, 109.56803, 110.01071,
       110.45339, 110.88082, 111.31915, 111.74658, 112.17837, 112.61887,
       113.04631, 113.48463, 113.92404, 114.36345, 114.80286, 115.24445,
       115.68169, 116.12436, 116.54962, 116.97924, 117.40667, 117.84608,
       118.2659 , 118.70096, 119.13711, 119.57652, 120.02681, 120.47275,
       120.91434, 121.3581 , 121.7986 , 122.24237, 122.6796 , 123.0145 ,
       123.34608, 123.6785 , 124.0125 , 124.3465 , 124.68464, 125.01412,
       125.35031, 125.68483, 126.12859, 126.54079, 126.9109 , 127.2422 ,
       127.57349, 127.90657, 128.24145, 128.57632, 128.91315, 129.25192,
       129.5907 , 129.934  , 130.28182, 130.62964, 131.02326, 131.46267,
       131.90317, 132.34476, 132.78635, 133.22684, 133.6717 , 134.11111,
       134.55052, 134.99646, 135.44675, 135.88616, 136.33646, 136.7824 ,
       137.22725, 137.67537, 138.00868, 138.32857, 138.64174, 139.02348,
       139.47377, 139.92624, 140.37545, 140.82683, 141.27713, 141.72198,
       142.16139, 142.60298, 143.0413 , 143.47418, 143.88529, 144.30184,
       144.71731, 145.14692, 145.56348, 145.99636, 146.42815, 146.8808 ,
       147.37962, 147.87493, 148.35699, 148.84281, 149.32523, 149.79286,
       150.2301 , 150.67169, 151.10674, 151.5418 , 151.97686, 152.41191,
       152.84044, 153.27441, 153.70946, 154.14357, 154.57876, 155.01252,
       155.4452 , 155.88139, 156.31674, 156.75101, 157.18622, 157.61926,
       158.05484, 158.49042, 158.92335, 159.358  , 159.79149, 160.22709,
       160.66378, 161.09715, 161.53382, 161.96698, 162.40213, 162.83337,
       163.26616, 163.70326, 164.13771, 164.57106, 165.00666, 165.44336,
       165.87721, 166.31369, 166.75128, 167.18814, 167.6239 , 168.05866,
       168.49451, 168.93057, 169.36577, 169.80286, 170.23751, 170.67107,
       171.10536, 171.53964, 171.9741 , 172.40657, 172.83955, 173.27311,
       173.71103, 174.14464, 174.58046, 175.0118 , 175.4467 , 175.88159,
       176.31754, 176.7513 , 177.18747, 177.62146, 178.0557 , 178.49237,
       178.92794, 179.35994, 179.79629, 180.23264, 180.66681, 181.10174,
       181.53743, 181.97421, 182.40882, 182.84342, 183.27258, 183.71045,
       184.14723, 184.58183, 185.0197 , 185.45213, 185.89108, 186.32025,
       186.75485, 187.18401, 187.62297, 188.0543 , 188.48455, 188.92025,
       189.35158, 189.79489, 190.23385, 190.67173, 191.10416, 191.54203,
       191.98098, 192.41667, 192.85237, 193.28697, 193.72048, 194.15509,
       194.58969, 195.01667, 195.45345, 195.88806, 196.32266, 196.75835,
       197.1945 , 197.63064, 198.06711, 198.49735, 198.94067, 199.37309,
       199.80661, 200.23577, 200.67364, 201.10715, 201.53522, 201.96983,
       202.40334, 202.83577, 203.27037, 203.70933, 204.14175, 204.57745,
       205.01311, 205.45094, 205.88441, 206.31706, 206.75298, 207.18867,
       207.62218, 208.05679, 208.49248, 208.92599, 209.3606 , 209.79629,
       210.23089, 210.6655 , 211.10137, 211.53633, 211.9701 , 212.40919,
       212.84393, 213.27917, 213.71114, 214.14588, 214.58171, 215.01638,
       215.45207, 215.88667, 216.32196, 216.75724, 217.19207, 217.6269 ,
       218.06148, 218.4969 , 218.93123, 219.36556, 219.80098, 220.23495,
       220.66892, 221.10327, 221.5391 , 221.97178, 222.40674, 222.84062,
       223.27531, 223.71001, 224.14379, 224.57976, 225.01488, 225.45026,
       225.88563, 226.31892, 226.7533 , 227.18817, 227.62196, 228.05851,
       228.49348, 228.92826, 229.36395, 229.79856, 230.23434, 230.66903,
       231.105  , 231.53987, 231.97475, 232.41071, 232.84667, 233.28105,
       233.71652, 234.15048, 234.58554, 235.01781, 235.45273, 235.8903 ,
       236.32182, 236.75878, 237.1918 , 237.62808, 238.06393, 238.49935,
       238.93568, 239.37073, 239.8047 , 240.23926, 240.67273, 241.10579,
       241.53994, 241.97441, 242.41028, 242.84398, 243.2798 , 243.71454,
       244.14874, 244.58402, 245.01745, 245.45336, 245.88819, 246.32302,
       246.75676, 247.19128, 247.62579, 248.06035, 248.49604, 248.93098,
       249.36518, 249.80046, 250.23493, 250.67157, 251.10377, 251.54141,
       251.97715, 252.41425, 252.84917, 253.28377, 253.71729, 254.15194,
       254.58658, 255.02241, 255.45833, 255.89196, 256.32656, 256.76116,
       257.19572, 257.62919, 258.06597, 258.49731, 258.9335 , 259.36801,
       259.80252, 260.23781, 260.672  , 261.10574, 261.54057, 261.97457,
       262.40989, 262.84629, 263.28157, 263.71903, 264.1545 , 264.58887,
       265.02565, 265.46048, 265.89472, 266.32946, 266.7642 , 267.19912,
       267.63404, 268.06711, 268.50234, 268.93851, 269.37343, 269.80618,
       270.24137, 270.682  , 271.05996, 271.41493, 271.76724, 272.18878,
       272.62525, 273.06171, 273.49817, 273.93463, 274.3711 , 274.80756,
       275.24402, 275.68048, 276.09472, 276.50896, 276.93676, 277.37813])

beats_confidence:
array([1.   , 0.964, 1.   , 0.617, 0.521, 0.719, 0.793, 0.902, 0.912,
       0.706, 0.924, 0.   , 0.925, 0.972, 0.877, 0.885, 0.714, 0.767,
       0.745, 0.841, 0.914, 0.837, 0.786, 0.925, 0.979, 0.819, 0.742,
       0.848, 0.884, 0.745, 0.836, 0.688, 0.768, 0.257, 0.626, 0.7  ,
       0.801, 0.687, 0.386, 0.729, 0.764, 0.71 , 0.687, 0.752, 0.872,
       0.673, 0.722, 0.651, 0.851, 0.781, 0.651, 0.783, 0.776, 0.413,
       0.764, 0.647, 0.603, 0.721, 0.739, 0.506, 0.892, 0.729, 0.917,
       0.719, 0.689, 0.482, 0.627, 0.693, 0.719, 0.619, 0.655, 0.524,
       0.748, 0.702, 0.669, 0.772, 0.691, 0.781, 0.745, 0.731, 0.516,
       0.922, 0.543, 0.902, 0.811, 0.78 , 0.735, 0.8  , 0.692, 0.825,
       0.437, 0.859, 0.808, 0.976, 0.989, 0.573, 0.77 , 0.825, 0.711,
       0.804, 0.891, 0.848, 0.743, 0.897, 0.937, 0.676, 0.807, 0.801,
       0.624, 0.709, 0.563, 0.544, 0.743, 0.685, 0.592, 0.149, 0.813,
       0.504, 0.076, 0.72 , 0.786, 0.783, 0.802, 0.118, 0.555, 0.702,
       0.492, 0.418, 0.777, 0.709, 0.362, 0.431, 0.747, 0.714, 0.428,
       0.635, 0.743, 0.548, 0.544, 0.476, 0.759, 0.797, 0.6  , 0.704,
       0.226, 0.699, 0.737, 0.699, 0.729, 0.593, 0.349, 0.408, 0.829,
       0.398, 0.599, 0.515, 0.843, 0.649, 0.714, 0.796, 0.739, 0.781,
       0.81 , 0.751, 0.775, 0.61 , 0.812, 0.724, 0.782, 0.582, 0.338,
       0.625, 0.827, 0.539, 0.776, 0.77 , 0.787, 0.708, 0.837, 0.686,
       0.774, 0.717, 0.727, 0.733, 0.811, 0.484, 0.03 , 0.738, 0.9  ,
       0.372, 0.669, 0.471, 0.851, 0.726, 0.646, 0.638, 0.605, 0.725,
       0.586, 0.734, 0.788, 0.555, 0.79 , 0.698, 0.49 , 0.66 , 0.686,
       0.674, 0.735, 0.756, 0.524, 0.799, 0.633, 0.136, 0.4  , 0.524,
       0.474, 0.382, 0.504, 0.611, 0.769, 0.831, 0.573, 0.625, 0.617,
       0.717, 0.804, 0.735, 0.754, 0.709, 0.755, 0.706, 0.565, 0.671,
       0.699, 0.452, 0.69 , 0.669, 0.631, 0.833, 0.611, 0.594, 0.548,
       0.703, 0.739, 0.524, 0.736, 0.635, 0.436, 0.582, 0.607, 0.571,
       0.83 , 0.696, 0.687, 0.596, 0.896, 0.646, 0.747, 0.591, 0.626,
       0.835, 0.687, 0.492, 0.747, 0.623, 0.313, 0.62 , 0.   , 0.345,
       0.472, 0.407, 0.316, 0.404, 0.656, 0.49 , 0.579, 0.721, 0.699,
       0.612, 0.325, 0.374, 0.766, 0.682, 0.817, 0.835, 0.766, 0.57 ,
       0.566, 0.476, 0.718, 0.681, 0.492, 0.337, 0.276, 0.561, 0.433,
       0.479, 0.14 , 0.746, 0.489, 0.404, 0.567, 0.329, 0.666, 0.661,
       0.447, 0.742, 0.547, 0.476, 0.   , 0.682, 0.497, 0.674, 0.296,
       0.673, 0.795, 0.607, 0.581, 0.707, 0.677, 0.815, 0.461, 0.466,
       0.405, 0.688, 0.758, 0.577, 0.882, 0.788, 0.484, 0.578, 0.64 ,
       0.62 , 0.352, 0.537, 0.654, 0.107, 0.51 , 0.321, 0.   , 0.   ,
       0.   , 0.   , 0.422, 0.606, 0.891, 1.   , 0.818, 0.892, 0.665,
       0.932, 0.717, 0.634, 0.526, 0.829, 0.814, 0.814, 0.805, 0.889,
       0.802, 0.716, 0.826, 0.892, 0.761, 0.633, 0.784, 0.775, 0.757,
       0.862, 0.608, 0.766, 0.669, 0.762, 0.694, 0.787, 0.729, 0.743,
       0.569, 0.784, 0.702, 0.675, 0.521, 0.794, 0.696, 0.736, 0.566,
       0.768, 0.527, 0.487, 0.546, 0.842, 0.472, 0.713, 0.696, 0.865,
       0.748, 0.489, 0.754, 0.695, 0.704, 0.687, 0.701, 0.734, 0.288,
       0.533, 0.646, 0.668, 0.356, 0.718, 0.543, 0.738, 0.564, 0.749,
       0.698, 0.839, 0.746, 0.73 , 0.764, 0.749, 0.742, 0.764, 0.734,
       0.66 , 0.897, 0.764, 0.832, 0.713, 0.819, 0.809, 0.723, 0.431,
       0.54 , 0.49 , 0.789, 0.69 , 0.841, 0.757, 0.803, 0.699, 0.767,
       0.695, 0.76 , 0.639, 0.741, 0.591, 0.757, 0.685, 0.805, 0.596,
       0.752, 0.771, 0.874, 0.485, 0.299, 0.542, 0.714, 0.596, 0.623,
       0.583, 0.828, 0.725, 0.434, 0.708, 0.801, 0.822, 0.779, 0.528,
       0.798, 0.759, 0.449, 0.658, 0.786, 0.736, 0.764, 0.528, 0.67 ,
       0.605, 0.777, 0.797, 0.688, 0.774, 0.824, 0.747, 0.889, 0.761,
       0.787, 0.   , 0.458, 0.833, 0.811, 0.767, 0.817, 0.843, 0.598,
       0.892, 0.815, 0.685, 0.78 , 0.911, 0.756, 0.772, 0.748, 0.91 ,
       0.783, 0.745, 0.687, 0.843, 0.684, 0.717, 0.81 , 0.935, 0.777,
       0.74 , 0.784, 0.839, 0.7  , 0.864, 0.432, 0.909, 0.7  , 0.82 ,
       0.78 , 0.925, 0.701, 0.827, 0.676, 0.897, 0.718, 0.629, 0.738,
       0.827, 0.555, 0.552, 0.776, 0.872, 0.687, 0.706, 0.753, 0.822,
       0.734, 0.652, 0.633, 0.866, 0.723, 0.646, 0.818, 0.93 , 0.637,
       0.634, 0.699, 0.679, 0.81 , 0.616, 0.679, 0.791, 0.746, 0.69 ,
       0.635, 0.853, 0.643, 0.72 , 0.666, 0.849, 0.741, 0.761, 0.768,
       0.845, 0.743, 0.472, 0.82 , 0.868, 0.724, 0.557, 0.77 , 0.844,
       0.618, 0.076, 0.755, 0.831, 0.733, 0.568, 0.852, 0.469, 0.755,
       0.664, 0.563, 0.807, 0.714, 0.412, 0.656, 0.853, 0.625, 0.687,
       0.231, 0.836, 0.499, 0.628, 0.785, 0.835, 0.545, 0.681, 0.763,
       0.578, 0.748, 0.84 , 0.634, 0.84 , 0.574, 0.495, 0.812, 0.825,
       0.699, 0.476, 0.742, 0.838, 0.348, 0.703, 0.548, 0.856, 0.794,
       0.65 , 0.809, 0.611, 0.718, 0.577, 0.843, 0.   , 0.88 , 0.356,
       0.419, 0.55 , 0.94 , 0.736, 0.506, 0.597, 0.356, 0.691, 0.849,
       0.785, 0.   , 0.   ])

bars_start:
array([  2.04446,   4.22002,   6.39066,   8.56419,  10.73795,  12.91307,
        15.09046,  17.26455,  19.4327 ,  21.60433,  23.77819,  25.95619,
        28.13147,  30.30554,  32.48034,  34.65358,  36.83161,  38.99925,
        41.17472,  43.34841,  45.52238,  47.70867,  50.08705,  52.31582,
        54.49318,  56.67228,  58.8571 ,  61.04447,  63.24095,  65.40399,
        67.56661,  69.87864,  72.05077,  74.21964,  76.3983 ,  78.56499,
        80.74148,  82.96803,  84.79616,  87.03251,  89.25254,  91.46059,
        93.6817 ,  95.87447,  98.02364, 100.22722, 102.46781, 104.67792,
       106.9098 , 109.12862, 111.31915, 113.48463, 115.68169, 117.84608,
       120.02681, 122.24237, 124.0125 , 125.68483, 127.57349, 129.25192,
       131.02326, 133.22684, 135.44675, 137.67537, 139.47377, 141.72198,
       143.88529, 145.99636, 148.35699, 150.67169, 152.84044, 155.01252,
       157.18622, 159.358  , 161.53382, 163.70326, 165.87721, 168.05866,
       170.23751, 172.40657, 174.58046, 176.7513 , 178.92794, 181.10174,
       183.27258, 185.45213, 187.62297, 189.79489, 191.98098, 194.15509,
       196.32266, 198.49735, 200.67364, 202.83577, 205.01311, 207.18867,
       209.3606 , 211.53633, 213.71114, 215.88667, 218.06148, 220.23495,
       222.40674, 224.57976, 226.7533 , 228.92826, 231.105  , 233.28105,
       235.45273, 237.62808, 239.8047 , 241.97441, 244.14874, 246.32302,
       248.49604, 250.67157, 252.84917, 255.02241, 257.19572, 259.36801,
       261.54057, 263.71903, 265.89472, 268.06711, 270.24137, 272.18878,
       274.3711 ])

bars_confidence:
array([0.099, 0.065, 0.101, 0.184, 0.07 , 0.065, 0.033, 0.038, 0.109,
       0.093, 0.033, 0.079, 0.105, 0.088, 0.048, 0.068, 0.122, 0.075,
       0.078, 0.071, 0.053, 0.077, 0.069, 0.109, 0.152, 0.083, 0.072,
       0.087, 0.045, 0.097, 0.185, 0.087, 0.13 , 0.085, 0.05 , 0.161,
       0.082, 0.042, 0.093, 0.121, 0.125, 0.147, 0.137, 0.055, 0.279,
       0.072, 0.067, 0.152, 0.061, 0.08 , 0.271, 0.246, 0.265, 0.042,
       0.293, 0.162, 0.117, 0.085, 0.182, 0.243, 0.069, 0.108, 0.022,
       0.079, 0.153, 0.096, 0.223, 0.139, 0.112, 0.029, 0.051, 0.018,
       0.094, 0.066, 0.06 , 0.111, 0.094, 0.067, 0.069, 0.067, 0.133,
       0.027, 0.041, 0.057, 0.094, 0.057, 0.097, 0.055, 0.075, 0.052,
       0.032, 0.008, 0.104, 0.041, 0.041, 0.078, 0.14 , 0.131, 0.07 ,
       0.104, 0.075, 0.064, 0.057, 0.112, 0.063, 0.158, 0.138, 0.07 ,
       0.14 , 0.078, 0.083, 0.172, 0.048, 0.028, 0.108, 0.049, 0.154,
       0.08 , 0.043, 0.039, 0.041, 0.036, 0.06 , 0.104, 0.158, 0.249,
       0.   ])

tatums_start:
array([  0.29491,   0.5132 ,   0.73259, ..., 277.15745, 277.37813,
       277.59881])

tatums_confidence:
array([1., 1., 1., ..., 0., 0., 0.])

artist_mbtags:
array([b'experimental pop', b'piano pop rock', b'baroque pop', b'rock',
       b'jazz', b'american', b'alternative pop', b'rock and indie'],
      dtype='|S256')

artist_mbtags_count:
array([1, 1, 1, 1, 1, 1, 1, 1], dtype=int32)

year:
1999
